----------------------------------------------------------------
Tue Jan 21 18:36:48 IST 2020:
Booting Derby version The Apache Software Foundation - Apache Derby - 10.8.2.2 - (1181258): instance a816c00e-016f-c836-6ee7-000008350c00 
on database directory C:\Users\Abdullah\Desktop\Git_folder\tessy\persist\ite\itedb  with class loader org.eclipse.osgi.internal.baseadaptor.DefaultClassLoader@7d0b7e3c 
Loaded from file:/C:/Program Files/Razorcat/TESSY_4.2/bin/plugins/org.apache.derby_10.8.2.2_v201605172130.jar
java.vendor=Oracle Corporation
java.runtime.version=1.8.0_171-b11
user.dir=C:\PROGRA~1\Razorcat\TESSY_4.2\bin
derby.system.home=null
derby.stream.error.file=C:\Users\Abdullah\Desktop\Git_folder\tessy\persist\ite\derby.log
Database Class Loader started - derby.database.classpath=''
----------------------------------------------------------------
Tue Jan 21 18:36:49 IST 2020:
Booting Derby version The Apache Software Foundation - Apache Derby - 10.8.2.2 - (1181258): instance 601a400f-016f-c836-6ee7-000008350c00 
on database directory C:\Users\Abdullah\Desktop\Git_folder\tessy\persist\ite\edb  with class loader org.eclipse.osgi.internal.baseadaptor.DefaultClassLoader@7d0b7e3c 
Loaded from file:/C:/Program Files/Razorcat/TESSY_4.2/bin/plugins/org.apache.derby_10.8.2.2_v201605172130.jar
java.vendor=Oracle Corporation
java.runtime.version=1.8.0_171-b11
user.dir=C:\PROGRA~1\Razorcat\TESSY_4.2\bin
derby.system.home=null
derby.stream.error.file=C:\Users\Abdullah\Desktop\Git_folder\tessy\log\derby.log
Database Class Loader started - derby.database.classpath=''
----------------------------------------------------------------
Tue Jan 21 18:36:53 IST 2020:
Booting Derby version The Apache Software Foundation - Apache Derby - 10.8.2.2 - (1181258): instance 437c8055-016f-c836-6ee7-000008350c00 
on database directory C:\Users\Abdullah\Desktop\Git_folder\tessy\persist\tessy\tessydb  with class loader org.eclipse.osgi.internal.baseadaptor.DefaultClassLoader@7d0b7e3c 
Loaded from file:/C:/Program Files/Razorcat/TESSY_4.2/bin/plugins/org.apache.derby_10.8.2.2_v201605172130.jar
java.vendor=Oracle Corporation
java.runtime.version=1.8.0_171-b11
user.dir=C:\PROGRA~1\Razorcat\TESSY_4.2\bin
derby.system.home=null
derby.stream.error.file=C:\Users\Abdullah\Desktop\Git_folder\tessy\persist\tessy\derby.log
Database Class Loader started - derby.database.classpath=''
----------------------------------------------------------------
Tue Jan 21 18:37:33 IST 2020:
Booting Derby version The Apache Software Foundation - Apache Derby - 10.8.2.2 - (1181258): instance eb0f4097-016f-c836-6ee7-000008350c00 
on database directory C:\Users\Abdullah\Desktop\Git_folder\tessy\persist\ite\cache  with class loader org.eclipse.osgi.internal.baseadaptor.DefaultClassLoader@7d0b7e3c 
Loaded from file:/C:/Program Files/Razorcat/TESSY_4.2/bin/plugins/org.apache.derby_10.8.2.2_v201605172130.jar
java.vendor=Oracle Corporation
java.runtime.version=1.8.0_171-b11
user.dir=C:\PROGRA~1\Razorcat\TESSY_4.2\bin
derby.system.home=null
derby.stream.error.file=C:\Users\Abdullah\Desktop\Git_folder\tessy\persist\ite\derby.log
Database Class Loader started - derby.database.classpath=''
